INFO:sim:172 - Generating IP...
Resolving generics for 'RAM_B1'...
Applying external generics to 'RAM_B1'...
Delivering associated files for 'RAM_B1'...
Delivering EJava files for 'RAM_B1'...
Generating implementation netlist for 'RAM_B1'...
INFO:sim - Pre-processing HDL files for 'RAM_B1'...
Running synthesis for 'RAM_B1'
Running ngcbuild...
Writing VEO instantiation template for 'RAM_B1'...
Writing Verilog behavioral simulation model for 'RAM_B1'...
WARNING:sim - Overwriting existing file
   D:/ssscpu/Top_Simple_CPU_App/ipcore_dir/tmp/_cg/RAM_B1/doc/blk_mem_gen_v7_3_v
   info.html with file from view xilinx_documentation
Delivered 1 file into directory
D:/ssscpu/Top_Simple_CPU_App/ipcore_dir/tmp/_cg/RAM_B1
Generating ASY schematic symbol...
INFO:sim:949 - Finished generation of ASY schematic symbol.
Generating SYM schematic symbol for 'RAM_B1'...
Generating metadata file...
Generating ISE project file for 'RAM_B1'...
Generating ISE project...
XCO file found: RAM_B1.xco
XMDF file found: RAM_B1_xmdf.tcl
Adding D:/ssscpu/Top_Simple_CPU_App/ipcore_dir/tmp/_cg/RAM_B1.asy -view all
-origin_type imported
Adding D:/ssscpu/Top_Simple_CPU_App/ipcore_dir/tmp/_cg/RAM_B1.ngc -view all
-origin_type created
Checking file "D:/ssscpu/Top_Simple_CPU_App/ipcore_dir/tmp/_cg/RAM_B1.ngc" for
project device match ...
File "D:/ssscpu/Top_Simple_CPU_App/ipcore_dir/tmp/_cg/RAM_B1.ngc" device
information matches project device.
Adding D:/ssscpu/Top_Simple_CPU_App/ipcore_dir/tmp/_cg/RAM_B1.sym -view all
-origin_type imported
Adding D:/ssscpu/Top_Simple_CPU_App/ipcore_dir/tmp/_cg/RAM_B1.v -view all
-origin_type created
INFO:HDLCompiler:1845 - Analyzing Verilog file
   "D:/ssscpu/Top_Simple_CPU_App/ipcore_dir/tmp/_cg/RAM_B1.v" into library work
INFO:ProjectMgmt - Parsing design hierarchy completed successfully.
Adding D:/ssscpu/Top_Simple_CPU_App/ipcore_dir/tmp/_cg/RAM_B1.veo -view all
-origin_type imported
INFO:TclTasksC:2116 - The automatic calculation of top has been turned-off.
   Please set the new top explicitly by running the "project set top" command.
   To re-calculate the new top automatically, set the "Auto Implementation Top"
   property to true.
Top level has been set to "/RAM_B1"
Generating README file...
Generating FLIST file...
INFO:sim:948 - Finished FLIST file generation.
Launching README viewer...
Moving files to output directory...
Finished moving files to output directory
Wrote CGP file for project 'RAM_B1'.
