#! /c/Source/iverilog-install/bin/vvp
:ivl_version "12.0 (devel)" "(s20150603-1110-g18392a46)";
:ivl_delay_selection "TYPICAL";
:vpi_time_precision + 0;
:vpi_module "D:\iverilog\lib\ivl\system.vpi";
:vpi_module "D:\iverilog\lib\ivl\vhdl_sys.vpi";
:vpi_module "D:\iverilog\lib\ivl\vhdl_textio.vpi";
:vpi_module "D:\iverilog\lib\ivl\v2005_math.vpi";
:vpi_module "D:\iverilog\lib\ivl\va_math.vpi";
S_0000023124ec7fe0 .scope module, "dm" "dm" 2 3;
 .timescale 0 0;
    .port_info 0 /INPUT 1 "clk";
    .port_info 1 /INPUT 1 "DMWr";
    .port_info 2 /INPUT 9 "addr";
    .port_info 3 /INPUT 3 "DMType";
    .port_info 4 /INPUT 32 "din";
    .port_info 5 /OUTPUT 32 "dout";
o0000023124ed0cb8 .functor BUFZ 3, C4<zzz>; HiZ drive
v0000023124e73390_0 .net "DMType", 2 0, o0000023124ed0cb8;  0 drivers
o0000023124ed0ce8 .functor BUFZ 1, C4<z>; HiZ drive
v0000023124c89690_0 .net "DMWr", 0 0, o0000023124ed0ce8;  0 drivers
o0000023124ed0d18 .functor BUFZ 9, C4<zzzzzzzzz>; HiZ drive
v0000023124ec8170_0 .net "addr", 8 0, o0000023124ed0d18;  0 drivers
o0000023124ed0d48 .functor BUFZ 1, C4<z>; HiZ drive
v0000023124ec8210_0 .net "clk", 0 0, o0000023124ed0d48;  0 drivers
o0000023124ed0d78 .functor BUFZ 32, C4<zzzzzzzzzzzzzzzzzzzzzzzzzzzzzzzz>; HiZ drive
v0000023124ec82b0_0 .net "din", 31 0, o0000023124ed0d78;  0 drivers
v0000023124ec8350 .array "dmem", 0 127, 31 0;
v0000023124ec9810_0 .var "dout", 31 0;
v0000023124ec8350_0 .array/port v0000023124ec8350, 0;
v0000023124ec8350_1 .array/port v0000023124ec8350, 1;
E_0000023124ea09b0/0 .event anyedge, v0000023124e73390_0, v0000023124ec8170_0, v0000023124ec8350_0, v0000023124ec8350_1;
v0000023124ec8350_2 .array/port v0000023124ec8350, 2;
v0000023124ec8350_3 .array/port v0000023124ec8350, 3;
v0000023124ec8350_4 .array/port v0000023124ec8350, 4;
v0000023124ec8350_5 .array/port v0000023124ec8350, 5;
E_0000023124ea09b0/1 .event anyedge, v0000023124ec8350_2, v0000023124ec8350_3, v0000023124ec8350_4, v0000023124ec8350_5;
v0000023124ec8350_6 .array/port v0000023124ec8350, 6;
v0000023124ec8350_7 .array/port v0000023124ec8350, 7;
v0000023124ec8350_8 .array/port v0000023124ec8350, 8;
v0000023124ec8350_9 .array/port v0000023124ec8350, 9;
E_0000023124ea09b0/2 .event anyedge, v0000023124ec8350_6, v0000023124ec8350_7, v0000023124ec8350_8, v0000023124ec8350_9;
v0000023124ec8350_10 .array/port v0000023124ec8350, 10;
v0000023124ec8350_11 .array/port v0000023124ec8350, 11;
v0000023124ec8350_12 .array/port v0000023124ec8350, 12;
v0000023124ec8350_13 .array/port v0000023124ec8350, 13;
E_0000023124ea09b0/3 .event anyedge, v0000023124ec8350_10, v0000023124ec8350_11, v0000023124ec8350_12, v0000023124ec8350_13;
v0000023124ec8350_14 .array/port v0000023124ec8350, 14;
v0000023124ec8350_15 .array/port v0000023124ec8350, 15;
v0000023124ec8350_16 .array/port v0000023124ec8350, 16;
v0000023124ec8350_17 .array/port v0000023124ec8350, 17;
E_0000023124ea09b0/4 .event anyedge, v0000023124ec8350_14, v0000023124ec8350_15, v0000023124ec8350_16, v0000023124ec8350_17;
v0000023124ec8350_18 .array/port v0000023124ec8350, 18;
v0000023124ec8350_19 .array/port v0000023124ec8350, 19;
v0000023124ec8350_20 .array/port v0000023124ec8350, 20;
v0000023124ec8350_21 .array/port v0000023124ec8350, 21;
E_0000023124ea09b0/5 .event anyedge, v0000023124ec8350_18, v0000023124ec8350_19, v0000023124ec8350_20, v0000023124ec8350_21;
v0000023124ec8350_22 .array/port v0000023124ec8350, 22;
v0000023124ec8350_23 .array/port v0000023124ec8350, 23;
v0000023124ec8350_24 .array/port v0000023124ec8350, 24;
v0000023124ec8350_25 .array/port v0000023124ec8350, 25;
E_0000023124ea09b0/6 .event anyedge, v0000023124ec8350_22, v0000023124ec8350_23, v0000023124ec8350_24, v0000023124ec8350_25;
v0000023124ec8350_26 .array/port v0000023124ec8350, 26;
v0000023124ec8350_27 .array/port v0000023124ec8350, 27;
v0000023124ec8350_28 .array/port v0000023124ec8350, 28;
v0000023124ec8350_29 .array/port v0000023124ec8350, 29;
E_0000023124ea09b0/7 .event anyedge, v0000023124ec8350_26, v0000023124ec8350_27, v0000023124ec8350_28, v0000023124ec8350_29;
v0000023124ec8350_30 .array/port v0000023124ec8350, 30;
v0000023124ec8350_31 .array/port v0000023124ec8350, 31;
v0000023124ec8350_32 .array/port v0000023124ec8350, 32;
v0000023124ec8350_33 .array/port v0000023124ec8350, 33;
E_0000023124ea09b0/8 .event anyedge, v0000023124ec8350_30, v0000023124ec8350_31, v0000023124ec8350_32, v0000023124ec8350_33;
v0000023124ec8350_34 .array/port v0000023124ec8350, 34;
v0000023124ec8350_35 .array/port v0000023124ec8350, 35;
v0000023124ec8350_36 .array/port v0000023124ec8350, 36;
v0000023124ec8350_37 .array/port v0000023124ec8350, 37;
E_0000023124ea09b0/9 .event anyedge, v0000023124ec8350_34, v0000023124ec8350_35, v0000023124ec8350_36, v0000023124ec8350_37;
v0000023124ec8350_38 .array/port v0000023124ec8350, 38;
v0000023124ec8350_39 .array/port v0000023124ec8350, 39;
v0000023124ec8350_40 .array/port v0000023124ec8350, 40;
v0000023124ec8350_41 .array/port v0000023124ec8350, 41;
E_0000023124ea09b0/10 .event anyedge, v0000023124ec8350_38, v0000023124ec8350_39, v0000023124ec8350_40, v0000023124ec8350_41;
v0000023124ec8350_42 .array/port v0000023124ec8350, 42;
v0000023124ec8350_43 .array/port v0000023124ec8350, 43;
v0000023124ec8350_44 .array/port v0000023124ec8350, 44;
v0000023124ec8350_45 .array/port v0000023124ec8350, 45;
E_0000023124ea09b0/11 .event anyedge, v0000023124ec8350_42, v0000023124ec8350_43, v0000023124ec8350_44, v0000023124ec8350_45;
v0000023124ec8350_46 .array/port v0000023124ec8350, 46;
v0000023124ec8350_47 .array/port v0000023124ec8350, 47;
v0000023124ec8350_48 .array/port v0000023124ec8350, 48;
v0000023124ec8350_49 .array/port v0000023124ec8350, 49;
E_0000023124ea09b0/12 .event anyedge, v0000023124ec8350_46, v0000023124ec8350_47, v0000023124ec8350_48, v0000023124ec8350_49;
v0000023124ec8350_50 .array/port v0000023124ec8350, 50;
v0000023124ec8350_51 .array/port v0000023124ec8350, 51;
v0000023124ec8350_52 .array/port v0000023124ec8350, 52;
v0000023124ec8350_53 .array/port v0000023124ec8350, 53;
E_0000023124ea09b0/13 .event anyedge, v0000023124ec8350_50, v0000023124ec8350_51, v0000023124ec8350_52, v0000023124ec8350_53;
v0000023124ec8350_54 .array/port v0000023124ec8350, 54;
v0000023124ec8350_55 .array/port v0000023124ec8350, 55;
v0000023124ec8350_56 .array/port v0000023124ec8350, 56;
v0000023124ec8350_57 .array/port v0000023124ec8350, 57;
E_0000023124ea09b0/14 .event anyedge, v0000023124ec8350_54, v0000023124ec8350_55, v0000023124ec8350_56, v0000023124ec8350_57;
v0000023124ec8350_58 .array/port v0000023124ec8350, 58;
v0000023124ec8350_59 .array/port v0000023124ec8350, 59;
v0000023124ec8350_60 .array/port v0000023124ec8350, 60;
v0000023124ec8350_61 .array/port v0000023124ec8350, 61;
E_0000023124ea09b0/15 .event anyedge, v0000023124ec8350_58, v0000023124ec8350_59, v0000023124ec8350_60, v0000023124ec8350_61;
v0000023124ec8350_62 .array/port v0000023124ec8350, 62;
v0000023124ec8350_63 .array/port v0000023124ec8350, 63;
v0000023124ec8350_64 .array/port v0000023124ec8350, 64;
v0000023124ec8350_65 .array/port v0000023124ec8350, 65;
E_0000023124ea09b0/16 .event anyedge, v0000023124ec8350_62, v0000023124ec8350_63, v0000023124ec8350_64, v0000023124ec8350_65;
v0000023124ec8350_66 .array/port v0000023124ec8350, 66;
v0000023124ec8350_67 .array/port v0000023124ec8350, 67;
v0000023124ec8350_68 .array/port v0000023124ec8350, 68;
v0000023124ec8350_69 .array/port v0000023124ec8350, 69;
E_0000023124ea09b0/17 .event anyedge, v0000023124ec8350_66, v0000023124ec8350_67, v0000023124ec8350_68, v0000023124ec8350_69;
v0000023124ec8350_70 .array/port v0000023124ec8350, 70;
v0000023124ec8350_71 .array/port v0000023124ec8350, 71;
v0000023124ec8350_72 .array/port v0000023124ec8350, 72;
v0000023124ec8350_73 .array/port v0000023124ec8350, 73;
E_0000023124ea09b0/18 .event anyedge, v0000023124ec8350_70, v0000023124ec8350_71, v0000023124ec8350_72, v0000023124ec8350_73;
v0000023124ec8350_74 .array/port v0000023124ec8350, 74;
v0000023124ec8350_75 .array/port v0000023124ec8350, 75;
v0000023124ec8350_76 .array/port v0000023124ec8350, 76;
v0000023124ec8350_77 .array/port v0000023124ec8350, 77;
E_0000023124ea09b0/19 .event anyedge, v0000023124ec8350_74, v0000023124ec8350_75, v0000023124ec8350_76, v0000023124ec8350_77;
v0000023124ec8350_78 .array/port v0000023124ec8350, 78;
v0000023124ec8350_79 .array/port v0000023124ec8350, 79;
v0000023124ec8350_80 .array/port v0000023124ec8350, 80;
v0000023124ec8350_81 .array/port v0000023124ec8350, 81;
E_0000023124ea09b0/20 .event anyedge, v0000023124ec8350_78, v0000023124ec8350_79, v0000023124ec8350_80, v0000023124ec8350_81;
v0000023124ec8350_82 .array/port v0000023124ec8350, 82;
v0000023124ec8350_83 .array/port v0000023124ec8350, 83;
v0000023124ec8350_84 .array/port v0000023124ec8350, 84;
v0000023124ec8350_85 .array/port v0000023124ec8350, 85;
E_0000023124ea09b0/21 .event anyedge, v0000023124ec8350_82, v0000023124ec8350_83, v0000023124ec8350_84, v0000023124ec8350_85;
v0000023124ec8350_86 .array/port v0000023124ec8350, 86;
v0000023124ec8350_87 .array/port v0000023124ec8350, 87;
v0000023124ec8350_88 .array/port v0000023124ec8350, 88;
v0000023124ec8350_89 .array/port v0000023124ec8350, 89;
E_0000023124ea09b0/22 .event anyedge, v0000023124ec8350_86, v0000023124ec8350_87, v0000023124ec8350_88, v0000023124ec8350_89;
v0000023124ec8350_90 .array/port v0000023124ec8350, 90;
v0000023124ec8350_91 .array/port v0000023124ec8350, 91;
v0000023124ec8350_92 .array/port v0000023124ec8350, 92;
v0000023124ec8350_93 .array/port v0000023124ec8350, 93;
E_0000023124ea09b0/23 .event anyedge, v0000023124ec8350_90, v0000023124ec8350_91, v0000023124ec8350_92, v0000023124ec8350_93;
v0000023124ec8350_94 .array/port v0000023124ec8350, 94;
v0000023124ec8350_95 .array/port v0000023124ec8350, 95;
v0000023124ec8350_96 .array/port v0000023124ec8350, 96;
v0000023124ec8350_97 .array/port v0000023124ec8350, 97;
E_0000023124ea09b0/24 .event anyedge, v0000023124ec8350_94, v0000023124ec8350_95, v0000023124ec8350_96, v0000023124ec8350_97;
v0000023124ec8350_98 .array/port v0000023124ec8350, 98;
v0000023124ec8350_99 .array/port v0000023124ec8350, 99;
v0000023124ec8350_100 .array/port v0000023124ec8350, 100;
v0000023124ec8350_101 .array/port v0000023124ec8350, 101;
E_0000023124ea09b0/25 .event anyedge, v0000023124ec8350_98, v0000023124ec8350_99, v0000023124ec8350_100, v0000023124ec8350_101;
v0000023124ec8350_102 .array/port v0000023124ec8350, 102;
v0000023124ec8350_103 .array/port v0000023124ec8350, 103;
v0000023124ec8350_104 .array/port v0000023124ec8350, 104;
v0000023124ec8350_105 .array/port v0000023124ec8350, 105;
E_0000023124ea09b0/26 .event anyedge, v0000023124ec8350_102, v0000023124ec8350_103, v0000023124ec8350_104, v0000023124ec8350_105;
v0000023124ec8350_106 .array/port v0000023124ec8350, 106;
v0000023124ec8350_107 .array/port v0000023124ec8350, 107;
v0000023124ec8350_108 .array/port v0000023124ec8350, 108;
v0000023124ec8350_109 .array/port v0000023124ec8350, 109;
E_0000023124ea09b0/27 .event anyedge, v0000023124ec8350_106, v0000023124ec8350_107, v0000023124ec8350_108, v0000023124ec8350_109;
v0000023124ec8350_110 .array/port v0000023124ec8350, 110;
v0000023124ec8350_111 .array/port v0000023124ec8350, 111;
v0000023124ec8350_112 .array/port v0000023124ec8350, 112;
v0000023124ec8350_113 .array/port v0000023124ec8350, 113;
E_0000023124ea09b0/28 .event anyedge, v0000023124ec8350_110, v0000023124ec8350_111, v0000023124ec8350_112, v0000023124ec8350_113;
v0000023124ec8350_114 .array/port v0000023124ec8350, 114;
v0000023124ec8350_115 .array/port v0000023124ec8350, 115;
v0000023124ec8350_116 .array/port v0000023124ec8350, 116;
v0000023124ec8350_117 .array/port v0000023124ec8350, 117;
E_0000023124ea09b0/29 .event anyedge, v0000023124ec8350_114, v0000023124ec8350_115, v0000023124ec8350_116, v0000023124ec8350_117;
v0000023124ec8350_118 .array/port v0000023124ec8350, 118;
v0000023124ec8350_119 .array/port v0000023124ec8350, 119;
v0000023124ec8350_120 .array/port v0000023124ec8350, 120;
v0000023124ec8350_121 .array/port v0000023124ec8350, 121;
E_0000023124ea09b0/30 .event anyedge, v0000023124ec8350_118, v0000023124ec8350_119, v0000023124ec8350_120, v0000023124ec8350_121;
v0000023124ec8350_122 .array/port v0000023124ec8350, 122;
v0000023124ec8350_123 .array/port v0000023124ec8350, 123;
v0000023124ec8350_124 .array/port v0000023124ec8350, 124;
v0000023124ec8350_125 .array/port v0000023124ec8350, 125;
E_0000023124ea09b0/31 .event anyedge, v0000023124ec8350_122, v0000023124ec8350_123, v0000023124ec8350_124, v0000023124ec8350_125;
v0000023124ec8350_126 .array/port v0000023124ec8350, 126;
v0000023124ec8350_127 .array/port v0000023124ec8350, 127;
E_0000023124ea09b0/32 .event anyedge, v0000023124ec8350_126, v0000023124ec8350_127;
E_0000023124ea09b0 .event/or E_0000023124ea09b0/0, E_0000023124ea09b0/1, E_0000023124ea09b0/2, E_0000023124ea09b0/3, E_0000023124ea09b0/4, E_0000023124ea09b0/5, E_0000023124ea09b0/6, E_0000023124ea09b0/7, E_0000023124ea09b0/8, E_0000023124ea09b0/9, E_0000023124ea09b0/10, E_0000023124ea09b0/11, E_0000023124ea09b0/12, E_0000023124ea09b0/13, E_0000023124ea09b0/14, E_0000023124ea09b0/15, E_0000023124ea09b0/16, E_0000023124ea09b0/17, E_0000023124ea09b0/18, E_0000023124ea09b0/19, E_0000023124ea09b0/20, E_0000023124ea09b0/21, E_0000023124ea09b0/22, E_0000023124ea09b0/23, E_0000023124ea09b0/24, E_0000023124ea09b0/25, E_0000023124ea09b0/26, E_0000023124ea09b0/27, E_0000023124ea09b0/28, E_0000023124ea09b0/29, E_0000023124ea09b0/30, E_0000023124ea09b0/31, E_0000023124ea09b0/32;
E_0000023124ea0430 .event posedge, v0000023124ec8210_0;
    .scope S_0000023124ec7fe0;
T_0 ;
    %wait E_0000023124ea0430;
    %load/vec4 v0000023124c89690_0;
    %flag_set/vec4 8;
    %jmp/0xz  T_0.0, 8;
    %load/vec4 v0000023124e73390_0;
    %dup/vec4;
    %pushi/vec4 0, 0, 3;
    %cmp/u;
    %jmp/1 T_0.2, 6;
    %dup/vec4;
    %pushi/vec4 1, 0, 3;
    %cmp/u;
    %jmp/1 T_0.3, 6;
    %dup/vec4;
    %pushi/vec4 3, 0, 3;
    %cmp/u;
    %jmp/1 T_0.4, 6;
    %jmp T_0.5;
T_0.2 ;
    %load/vec4 v0000023124ec8170_0;
    %parti/s 2, 0, 2;
    %dup/vec4;
    %pushi/vec4 0, 0, 2;
    %cmp/u;
    %jmp/1 T_0.6, 6;
    %dup/vec4;
    %pushi/vec4 1, 0, 2;
    %cmp/u;
    %jmp/1 T_0.7, 6;
    %dup/vec4;
    %pushi/vec4 2, 0, 2;
    %cmp/u;
    %jmp/1 T_0.8, 6;
    %dup/vec4;
    %pushi/vec4 3, 0, 2;
    %cmp/u;
    %jmp/1 T_0.9, 6;
    %jmp T_0.10;
T_0.6 ;
    %load/vec4 v0000023124ec82b0_0;
    %load/vec4 v0000023124ec8170_0;
    %parti/s 7, 2, 3;
    %pad/u 9;
    %ix/vec4 3;
    %ix/load 4, 0, 0; Constant delay
    %assign/vec4/a/d v0000023124ec8350, 0, 4;
    %load/vec4 v0000023124ec8170_0;
    %parti/s 7, 2, 3;
    %ix/load 4, 2, 0;
    %flag_set/imm 4, 0;
    %shiftl 4;
    %vpi_call 2 24 "$display", "dmem[0x%8X] = 0x%8X,", S<0,vec4,u7>, v0000023124ec82b0_0 {1 0 0};
    %jmp T_0.10;
T_0.7 ;
    %load/vec4 v0000023124ec82b0_0;
    %parti/s 24, 0, 2;
    %load/vec4 v0000023124ec8170_0;
    %parti/s 7, 2, 3;
    %pad/u 9;
    %ix/vec4 3;
    %ix/load 4, 8, 0; part off
    %ix/load 5, 0, 0; Constant delay
    %assign/vec4/a/d v0000023124ec8350, 4, 5;
    %load/vec4 v0000023124ec82b0_0;
    %parti/s 8, 24, 6;
    %load/vec4 v0000023124ec8170_0;
    %parti/s 7, 2, 3;
    %pad/u 33;
    %addi 1, 0, 33;
    %ix/vec4 3;
    %ix/load 4, 0, 0; Constant delay
    %assign/vec4/a/d v0000023124ec8350, 0, 4;
    %vpi_call 2 29 "$display", "dmem[0x%8X] = 0x%8X,", v0000023124ec8170_0, v0000023124ec82b0_0 {0 0 0};
    %jmp T_0.10;
T_0.8 ;
    %load/vec4 v0000023124ec82b0_0;
    %parti/s 16, 0, 2;
    %load/vec4 v0000023124ec8170_0;
    %parti/s 7, 2, 3;
    %pad/u 9;
    %ix/vec4 3;
    %ix/load 4, 16, 0; part off
    %ix/load 5, 0, 0; Constant delay
    %assign/vec4/a/d v0000023124ec8350, 4, 5;
    %load/vec4 v0000023124ec82b0_0;
    %parti/s 16, 16, 6;
    %load/vec4 v0000023124ec8170_0;
    %parti/s 7, 2, 3;
    %pad/u 33;
    %addi 1, 0, 33;
    %ix/vec4 3;
    %ix/load 4, 0, 0; Constant delay
    %assign/vec4/a/d v0000023124ec8350, 0, 4;
    %vpi_call 2 34 "$display", "dmem[0x%8X] = 0x%8X,", v0000023124ec8170_0, v0000023124ec82b0_0 {0 0 0};
    %jmp T_0.10;
T_0.9 ;
    %load/vec4 v0000023124ec82b0_0;
    %parti/s 8, 0, 2;
    %load/vec4 v0000023124ec8170_0;
    %parti/s 7, 2, 3;
    %pad/u 9;
    %ix/vec4 3;
    %ix/load 4, 24, 0; part off
    %ix/load 5, 0, 0; Constant delay
    %assign/vec4/a/d v0000023124ec8350, 4, 5;
    %load/vec4 v0000023124ec82b0_0;
    %parti/s 24, 8, 5;
    %load/vec4 v0000023124ec8170_0;
    %parti/s 7, 2, 3;
    %pad/u 33;
    %addi 1, 0, 33;
    %ix/vec4 3;
    %ix/load 4, 0, 0; Constant delay
    %assign/vec4/a/d v0000023124ec8350, 0, 4;
    %vpi_call 2 39 "$display", "dmem[0x%8X] = 0x%8X,", v0000023124ec8170_0, v0000023124ec82b0_0 {0 0 0};
    %jmp T_0.10;
T_0.10 ;
    %pop/vec4 1;
    %jmp T_0.5;
T_0.3 ;
    %load/vec4 v0000023124ec8170_0;
    %parti/s 2, 0, 2;
    %dup/vec4;
    %pushi/vec4 0, 0, 2;
    %cmp/u;
    %jmp/1 T_0.11, 6;
    %dup/vec4;
    %pushi/vec4 1, 0, 2;
    %cmp/u;
    %jmp/1 T_0.12, 6;
    %dup/vec4;
    %pushi/vec4 2, 0, 2;
    %cmp/u;
    %jmp/1 T_0.13, 6;
    %dup/vec4;
    %pushi/vec4 3, 0, 2;
    %cmp/u;
    %jmp/1 T_0.14, 6;
    %jmp T_0.15;
T_0.11 ;
    %load/vec4 v0000023124ec82b0_0;
    %parti/s 16, 0, 2;
    %load/vec4 v0000023124ec8170_0;
    %parti/s 7, 2, 3;
    %pad/u 9;
    %ix/vec4 3;
    %ix/load 4, 0, 0; Constant delay
    %assign/vec4/a/d v0000023124ec8350, 0, 4;
    %vpi_call 2 46 "$display", "dmem[0x%8X] = 0x%8X,", v0000023124ec8170_0, &PV<v0000023124ec82b0_0, 0, 16> {0 0 0};
    %jmp T_0.15;
T_0.12 ;
    %load/vec4 v0000023124ec82b0_0;
    %parti/s 16, 0, 2;
    %load/vec4 v0000023124ec8170_0;
    %parti/s 7, 2, 3;
    %pad/u 9;
    %ix/vec4 3;
    %ix/load 4, 8, 0; part off
    %ix/load 5, 0, 0; Constant delay
    %assign/vec4/a/d v0000023124ec8350, 4, 5;
    %vpi_call 2 50 "$display", "dmem[0x%8X] = 0x%8X,", v0000023124ec8170_0, &PV<v0000023124ec82b0_0, 0, 16> {0 0 0};
    %jmp T_0.15;
T_0.13 ;
    %load/vec4 v0000023124ec82b0_0;
    %parti/s 16, 0, 2;
    %load/vec4 v0000023124ec8170_0;
    %parti/s 7, 2, 3;
    %pad/u 9;
    %ix/vec4 3;
    %ix/load 4, 16, 0; part off
    %ix/load 5, 0, 0; Constant delay
    %assign/vec4/a/d v0000023124ec8350, 4, 5;
    %vpi_call 2 54 "$display", "dmem[0x%8X] = 0x%8X,", v0000023124ec8170_0, &PV<v0000023124ec82b0_0, 0, 16> {0 0 0};
    %jmp T_0.15;
T_0.14 ;
    %load/vec4 v0000023124ec82b0_0;
    %parti/s 8, 0, 2;
    %load/vec4 v0000023124ec8170_0;
    %parti/s 7, 2, 3;
    %pad/u 9;
    %ix/vec4 3;
    %ix/load 4, 24, 0; part off
    %ix/load 5, 0, 0; Constant delay
    %assign/vec4/a/d v0000023124ec8350, 4, 5;
    %load/vec4 v0000023124ec82b0_0;
    %parti/s 8, 8, 5;
    %load/vec4 v0000023124ec8170_0;
    %parti/s 7, 2, 3;
    %pad/u 33;
    %addi 1, 0, 33;
    %ix/vec4 3;
    %ix/load 4, 0, 0; Constant delay
    %assign/vec4/a/d v0000023124ec8350, 0, 4;
    %vpi_call 2 59 "$display", "dmem[0x%8X] = 0x%8X,", v0000023124ec8170_0, &PV<v0000023124ec82b0_0, 0, 16> {0 0 0};
    %jmp T_0.15;
T_0.15 ;
    %pop/vec4 1;
    %jmp T_0.5;
T_0.4 ;
    %load/vec4 v0000023124ec8170_0;
    %parti/s 2, 0, 2;
    %dup/vec4;
    %pushi/vec4 0, 0, 2;
    %cmp/u;
    %jmp/1 T_0.16, 6;
    %dup/vec4;
    %pushi/vec4 1, 0, 2;
    %cmp/u;
    %jmp/1 T_0.17, 6;
    %dup/vec4;
    %pushi/vec4 2, 0, 2;
    %cmp/u;
    %jmp/1 T_0.18, 6;
    %dup/vec4;
    %pushi/vec4 3, 0, 2;
    %cmp/u;
    %jmp/1 T_0.19, 6;
    %jmp T_0.20;
T_0.16 ;
    %load/vec4 v0000023124ec82b0_0;
    %parti/s 8, 0, 2;
    %load/vec4 v0000023124ec8170_0;
    %parti/s 7, 2, 3;
    %pad/u 9;
    %ix/vec4 3;
    %ix/load 4, 0, 0; Constant delay
    %assign/vec4/a/d v0000023124ec8350, 0, 4;
    %vpi_call 2 66 "$display", "dmem[0x%8X] = 0x%8X,", v0000023124ec8170_0, &PV<v0000023124ec82b0_0, 0, 8> {0 0 0};
    %jmp T_0.20;
T_0.17 ;
    %load/vec4 v0000023124ec82b0_0;
    %parti/s 8, 0, 2;
    %load/vec4 v0000023124ec8170_0;
    %parti/s 7, 2, 3;
    %pad/u 9;
    %ix/vec4 3;
    %ix/load 4, 8, 0; part off
    %ix/load 5, 0, 0; Constant delay
    %assign/vec4/a/d v0000023124ec8350, 4, 5;
    %vpi_call 2 70 "$display", "dmem[0x%8X] = 0x%8X,", v0000023124ec8170_0, &PV<v0000023124ec82b0_0, 0, 8> {0 0 0};
    %jmp T_0.20;
T_0.18 ;
    %load/vec4 v0000023124ec82b0_0;
    %parti/s 8, 0, 2;
    %load/vec4 v0000023124ec8170_0;
    %parti/s 7, 2, 3;
    %pad/u 9;
    %ix/vec4 3;
    %ix/load 4, 16, 0; part off
    %ix/load 5, 0, 0; Constant delay
    %assign/vec4/a/d v0000023124ec8350, 4, 5;
    %vpi_call 2 74 "$display", "dmem[0x%8X] = 0x%8X,", v0000023124ec8170_0, &PV<v0000023124ec82b0_0, 0, 8> {0 0 0};
    %jmp T_0.20;
T_0.19 ;
    %load/vec4 v0000023124ec82b0_0;
    %parti/s 8, 0, 2;
    %load/vec4 v0000023124ec8170_0;
    %parti/s 7, 2, 3;
    %pad/u 9;
    %ix/vec4 3;
    %ix/load 4, 24, 0; part off
    %ix/load 5, 0, 0; Constant delay
    %assign/vec4/a/d v0000023124ec8350, 4, 5;
    %vpi_call 2 78 "$display", "dmem[0x%8X] = 0x%8X,", v0000023124ec8170_0, &PV<v0000023124ec82b0_0, 0, 8> {0 0 0};
    %jmp T_0.20;
T_0.20 ;
    %pop/vec4 1;
    %jmp T_0.5;
T_0.5 ;
    %pop/vec4 1;
T_0.0 ;
    %jmp T_0;
    .thread T_0;
    .scope S_0000023124ec7fe0;
T_1 ;
    %wait E_0000023124ea09b0;
    %load/vec4 v0000023124e73390_0;
    %dup/vec4;
    %pushi/vec4 0, 0, 3;
    %cmp/u;
    %jmp/1 T_1.0, 6;
    %dup/vec4;
    %pushi/vec4 1, 0, 3;
    %cmp/u;
    %jmp/1 T_1.1, 6;
    %dup/vec4;
    %pushi/vec4 2, 0, 3;
    %cmp/u;
    %jmp/1 T_1.2, 6;
    %dup/vec4;
    %pushi/vec4 3, 0, 3;
    %cmp/u;
    %jmp/1 T_1.3, 6;
    %dup/vec4;
    %pushi/vec4 4, 0, 3;
    %cmp/u;
    %jmp/1 T_1.4, 6;
    %jmp T_1.5;
T_1.0 ;
    %load/vec4 v0000023124ec8170_0;
    %parti/s 2, 0, 2;
    %dup/vec4;
    %pushi/vec4 0, 0, 2;
    %cmp/u;
    %jmp/1 T_1.6, 6;
    %dup/vec4;
    %pushi/vec4 1, 0, 2;
    %cmp/u;
    %jmp/1 T_1.7, 6;
    %dup/vec4;
    %pushi/vec4 2, 0, 2;
    %cmp/u;
    %jmp/1 T_1.8, 6;
    %dup/vec4;
    %pushi/vec4 3, 0, 2;
    %cmp/u;
    %jmp/1 T_1.9, 6;
    %jmp T_1.10;
T_1.6 ;
    %load/vec4 v0000023124ec8170_0;
    %parti/s 7, 2, 3;
    %pad/u 9;
    %ix/vec4 4;
    %load/vec4a v0000023124ec8350, 4;
    %assign/vec4 v0000023124ec9810_0, 0;
    %jmp T_1.10;
T_1.7 ;
    %load/vec4 v0000023124ec8170_0;
    %parti/s 7, 2, 3;
    %pad/u 33;
    %addi 1, 0, 33;
    %ix/vec4 4;
    %load/vec4a v0000023124ec8350, 4;
    %parti/s 8, 0, 2;
    %load/vec4 v0000023124ec8170_0;
    %parti/s 7, 2, 3;
    %pad/u 9;
    %ix/vec4 4;
    %load/vec4a v0000023124ec8350, 4;
    %parti/s 24, 8, 5;
    %concat/vec4; draw_concat_vec4
    %assign/vec4 v0000023124ec9810_0, 0;
    %jmp T_1.10;
T_1.8 ;
    %load/vec4 v0000023124ec8170_0;
    %parti/s 7, 2, 3;
    %pad/u 33;
    %addi 1, 0, 33;
    %ix/vec4 4;
    %load/vec4a v0000023124ec8350, 4;
    %parti/s 16, 0, 2;
    %load/vec4 v0000023124ec8170_0;
    %parti/s 7, 2, 3;
    %pad/u 9;
    %ix/vec4 4;
    %load/vec4a v0000023124ec8350, 4;
    %parti/s 16, 16, 6;
    %concat/vec4; draw_concat_vec4
    %assign/vec4 v0000023124ec9810_0, 0;
    %jmp T_1.10;
T_1.9 ;
    %load/vec4 v0000023124ec8170_0;
    %parti/s 7, 2, 3;
    %pad/u 33;
    %addi 1, 0, 33;
    %ix/vec4 4;
    %load/vec4a v0000023124ec8350, 4;
    %parti/s 24, 0, 2;
    %load/vec4 v0000023124ec8170_0;
    %parti/s 7, 2, 3;
    %pad/u 9;
    %ix/vec4 4;
    %load/vec4a v0000023124ec8350, 4;
    %parti/s 8, 24, 6;
    %concat/vec4; draw_concat_vec4
    %assign/vec4 v0000023124ec9810_0, 0;
    %jmp T_1.10;
T_1.10 ;
    %pop/vec4 1;
    %jmp T_1.5;
T_1.1 ;
    %load/vec4 v0000023124ec8170_0;
    %parti/s 2, 0, 2;
    %dup/vec4;
    %pushi/vec4 0, 0, 2;
    %cmp/u;
    %jmp/1 T_1.11, 6;
    %dup/vec4;
    %pushi/vec4 1, 0, 2;
    %cmp/u;
    %jmp/1 T_1.12, 6;
    %dup/vec4;
    %pushi/vec4 2, 0, 2;
    %cmp/u;
    %jmp/1 T_1.13, 6;
    %dup/vec4;
    %pushi/vec4 3, 0, 2;
    %cmp/u;
    %jmp/1 T_1.14, 6;
    %jmp T_1.15;
T_1.11 ;
    %load/vec4 v0000023124ec8170_0;
    %parti/s 7, 2, 3;
    %pad/u 9;
    %ix/vec4 4;
    %load/vec4a v0000023124ec8350, 4;
    %parti/s 1, 15, 5;
    %replicate 16;
    %load/vec4 v0000023124ec8170_0;
    %parti/s 7, 2, 3;
    %pad/u 9;
    %ix/vec4 4;
    %load/vec4a v0000023124ec8350, 4;
    %parti/s 16, 0, 2;
    %concat/vec4; draw_concat_vec4
    %assign/vec4 v0000023124ec9810_0, 0;
    %jmp T_1.15;
T_1.12 ;
    %load/vec4 v0000023124ec8170_0;
    %parti/s 7, 2, 3;
    %pad/u 9;
    %ix/vec4 4;
    %load/vec4a v0000023124ec8350, 4;
    %parti/s 1, 23, 6;
    %replicate 16;
    %load/vec4 v0000023124ec8170_0;
    %parti/s 7, 2, 3;
    %pad/u 9;
    %ix/vec4 4;
    %load/vec4a v0000023124ec8350, 4;
    %parti/s 16, 8, 5;
    %concat/vec4; draw_concat_vec4
    %assign/vec4 v0000023124ec9810_0, 0;
    %jmp T_1.15;
T_1.13 ;
    %load/vec4 v0000023124ec8170_0;
    %parti/s 7, 2, 3;
    %pad/u 9;
    %ix/vec4 4;
    %load/vec4a v0000023124ec8350, 4;
    %parti/s 1, 31, 6;
    %replicate 16;
    %load/vec4 v0000023124ec8170_0;
    %parti/s 7, 2, 3;
    %pad/u 9;
    %ix/vec4 4;
    %load/vec4a v0000023124ec8350, 4;
    %parti/s 16, 16, 6;
    %concat/vec4; draw_concat_vec4
    %assign/vec4 v0000023124ec9810_0, 0;
    %jmp T_1.15;
T_1.14 ;
    %load/vec4 v0000023124ec8170_0;
    %parti/s 7, 2, 3;
    %pad/u 33;
    %addi 1, 0, 33;
    %ix/vec4 4;
    %load/vec4a v0000023124ec8350, 4;
    %parti/s 1, 7, 4;
    %replicate 16;
    %load/vec4 v0000023124ec8170_0;
    %parti/s 7, 2, 3;
    %pad/u 33;
    %addi 1, 0, 33;
    %ix/vec4 4;
    %load/vec4a v0000023124ec8350, 4;
    %parti/s 8, 0, 2;
    %concat/vec4; draw_concat_vec4
    %load/vec4 v0000023124ec8170_0;
    %parti/s 7, 2, 3;
    %pad/u 9;
    %ix/vec4 4;
    %load/vec4a v0000023124ec8350, 4;
    %parti/s 8, 24, 6;
    %concat/vec4; draw_concat_vec4
    %assign/vec4 v0000023124ec9810_0, 0;
    %jmp T_1.15;
T_1.15 ;
    %pop/vec4 1;
    %jmp T_1.5;
T_1.2 ;
    %load/vec4 v0000023124ec8170_0;
    %parti/s 2, 0, 2;
    %dup/vec4;
    %pushi/vec4 0, 0, 2;
    %cmp/u;
    %jmp/1 T_1.16, 6;
    %dup/vec4;
    %pushi/vec4 1, 0, 2;
    %cmp/u;
    %jmp/1 T_1.17, 6;
    %dup/vec4;
    %pushi/vec4 2, 0, 2;
    %cmp/u;
    %jmp/1 T_1.18, 6;
    %dup/vec4;
    %pushi/vec4 3, 0, 2;
    %cmp/u;
    %jmp/1 T_1.19, 6;
    %jmp T_1.20;
T_1.16 ;
    %pushi/vec4 0, 0, 16;
    %load/vec4 v0000023124ec8170_0;
    %parti/s 7, 2, 3;
    %pad/u 9;
    %ix/vec4 4;
    %load/vec4a v0000023124ec8350, 4;
    %parti/s 16, 0, 2;
    %concat/vec4; draw_concat_vec4
    %assign/vec4 v0000023124ec9810_0, 0;
    %jmp T_1.20;
T_1.17 ;
    %pushi/vec4 0, 0, 16;
    %load/vec4 v0000023124ec8170_0;
    %parti/s 7, 2, 3;
    %pad/u 9;
    %ix/vec4 4;
    %load/vec4a v0000023124ec8350, 4;
    %parti/s 16, 8, 5;
    %concat/vec4; draw_concat_vec4
    %assign/vec4 v0000023124ec9810_0, 0;
    %jmp T_1.20;
T_1.18 ;
    %pushi/vec4 0, 0, 16;
    %load/vec4 v0000023124ec8170_0;
    %parti/s 7, 2, 3;
    %pad/u 9;
    %ix/vec4 4;
    %load/vec4a v0000023124ec8350, 4;
    %parti/s 16, 16, 6;
    %concat/vec4; draw_concat_vec4
    %assign/vec4 v0000023124ec9810_0, 0;
    %jmp T_1.20;
T_1.19 ;
    %pushi/vec4 0, 0, 16;
    %load/vec4 v0000023124ec8170_0;
    %parti/s 7, 2, 3;
    %pad/u 33;
    %addi 1, 0, 33;
    %ix/vec4 4;
    %load/vec4a v0000023124ec8350, 4;
    %parti/s 8, 0, 2;
    %concat/vec4; draw_concat_vec4
    %load/vec4 v0000023124ec8170_0;
    %parti/s 7, 2, 3;
    %pad/u 9;
    %ix/vec4 4;
    %load/vec4a v0000023124ec8350, 4;
    %parti/s 8, 24, 6;
    %concat/vec4; draw_concat_vec4
    %assign/vec4 v0000023124ec9810_0, 0;
    %jmp T_1.20;
T_1.20 ;
    %pop/vec4 1;
    %jmp T_1.5;
T_1.3 ;
    %load/vec4 v0000023124ec8170_0;
    %parti/s 2, 0, 2;
    %dup/vec4;
    %pushi/vec4 0, 0, 2;
    %cmp/u;
    %jmp/1 T_1.21, 6;
    %dup/vec4;
    %pushi/vec4 1, 0, 2;
    %cmp/u;
    %jmp/1 T_1.22, 6;
    %dup/vec4;
    %pushi/vec4 2, 0, 2;
    %cmp/u;
    %jmp/1 T_1.23, 6;
    %dup/vec4;
    %pushi/vec4 3, 0, 2;
    %cmp/u;
    %jmp/1 T_1.24, 6;
    %jmp T_1.25;
T_1.21 ;
    %load/vec4 v0000023124ec8170_0;
    %parti/s 7, 2, 3;
    %pad/u 9;
    %ix/vec4 4;
    %load/vec4a v0000023124ec8350, 4;
    %parti/s 1, 7, 4;
    %replicate 24;
    %load/vec4 v0000023124ec8170_0;
    %parti/s 7, 2, 3;
    %pad/u 9;
    %ix/vec4 4;
    %load/vec4a v0000023124ec8350, 4;
    %parti/s 8, 0, 2;
    %concat/vec4; draw_concat_vec4
    %assign/vec4 v0000023124ec9810_0, 0;
    %jmp T_1.25;
T_1.22 ;
    %load/vec4 v0000023124ec8170_0;
    %parti/s 7, 2, 3;
    %pad/u 9;
    %ix/vec4 4;
    %load/vec4a v0000023124ec8350, 4;
    %parti/s 1, 15, 5;
    %replicate 24;
    %load/vec4 v0000023124ec8170_0;
    %parti/s 7, 2, 3;
    %pad/u 9;
    %ix/vec4 4;
    %load/vec4a v0000023124ec8350, 4;
    %parti/s 8, 8, 5;
    %concat/vec4; draw_concat_vec4
    %assign/vec4 v0000023124ec9810_0, 0;
    %jmp T_1.25;
T_1.23 ;
    %load/vec4 v0000023124ec8170_0;
    %parti/s 7, 2, 3;
    %pad/u 9;
    %ix/vec4 4;
    %load/vec4a v0000023124ec8350, 4;
    %parti/s 1, 23, 6;
    %replicate 24;
    %load/vec4 v0000023124ec8170_0;
    %parti/s 7, 2, 3;
    %pad/u 9;
    %ix/vec4 4;
    %load/vec4a v0000023124ec8350, 4;
    %parti/s 8, 16, 6;
    %concat/vec4; draw_concat_vec4
    %assign/vec4 v0000023124ec9810_0, 0;
    %jmp T_1.25;
T_1.24 ;
    %load/vec4 v0000023124ec8170_0;
    %parti/s 7, 2, 3;
    %pad/u 9;
    %ix/vec4 4;
    %load/vec4a v0000023124ec8350, 4;
    %parti/s 1, 31, 6;
    %replicate 24;
    %load/vec4 v0000023124ec8170_0;
    %parti/s 7, 2, 3;
    %pad/u 9;
    %ix/vec4 4;
    %load/vec4a v0000023124ec8350, 4;
    %parti/s 8, 24, 6;
    %concat/vec4; draw_concat_vec4
    %assign/vec4 v0000023124ec9810_0, 0;
    %jmp T_1.25;
T_1.25 ;
    %pop/vec4 1;
    %jmp T_1.5;
T_1.4 ;
    %load/vec4 v0000023124ec8170_0;
    %parti/s 2, 0, 2;
    %dup/vec4;
    %pushi/vec4 0, 0, 2;
    %cmp/u;
    %jmp/1 T_1.26, 6;
    %dup/vec4;
    %pushi/vec4 1, 0, 2;
    %cmp/u;
    %jmp/1 T_1.27, 6;
    %dup/vec4;
    %pushi/vec4 2, 0, 2;
    %cmp/u;
    %jmp/1 T_1.28, 6;
    %dup/vec4;
    %pushi/vec4 3, 0, 2;
    %cmp/u;
    %jmp/1 T_1.29, 6;
    %jmp T_1.30;
T_1.26 ;
    %pushi/vec4 0, 0, 24;
    %load/vec4 v0000023124ec8170_0;
    %parti/s 7, 2, 3;
    %pad/u 9;
    %ix/vec4 4;
    %load/vec4a v0000023124ec8350, 4;
    %parti/s 8, 0, 2;
    %concat/vec4; draw_concat_vec4
    %assign/vec4 v0000023124ec9810_0, 0;
    %jmp T_1.30;
T_1.27 ;
    %pushi/vec4 0, 0, 24;
    %load/vec4 v0000023124ec8170_0;
    %parti/s 7, 2, 3;
    %pad/u 9;
    %ix/vec4 4;
    %load/vec4a v0000023124ec8350, 4;
    %parti/s 8, 8, 5;
    %concat/vec4; draw_concat_vec4
    %assign/vec4 v0000023124ec9810_0, 0;
    %jmp T_1.30;
T_1.28 ;
    %pushi/vec4 0, 0, 24;
    %load/vec4 v0000023124ec8170_0;
    %parti/s 7, 2, 3;
    %pad/u 9;
    %ix/vec4 4;
    %load/vec4a v0000023124ec8350, 4;
    %parti/s 8, 16, 6;
    %concat/vec4; draw_concat_vec4
    %assign/vec4 v0000023124ec9810_0, 0;
    %jmp T_1.30;
T_1.29 ;
    %pushi/vec4 0, 0, 24;
    %load/vec4 v0000023124ec8170_0;
    %parti/s 7, 2, 3;
    %pad/u 9;
    %ix/vec4 4;
    %load/vec4a v0000023124ec8350, 4;
    %parti/s 8, 24, 6;
    %concat/vec4; draw_concat_vec4
    %assign/vec4 v0000023124ec9810_0, 0;
    %jmp T_1.30;
T_1.30 ;
    %pop/vec4 1;
    %jmp T_1.5;
T_1.5 ;
    %pop/vec4 1;
    %jmp T_1;
    .thread T_1, $push;
# The file index is used to find the file name in the following table.
:file_names 3;
    "N/A";
    "<interactive>";
    "dm.v";
